Selecting devices from the following list:
------------------------------------------------------------------------------
/dev/input/event0 : Lid Switch
/dev/input/event1 : Power Button
/dev/input/event10: keyd virtual pointer
/dev/input/event11: hdaudioB0D2 HDMI/DP,pcm=1
/dev/input/event12: hdaudioB0D2 HDMI/DP,pcm=2
/dev/input/event13: hdaudioB0D2 HDMI/DP,pcm=3
/dev/input/event14: xremap
/dev/input/event15: xremap
/dev/input/event2 : AT Translated Set 2 keyboard
/dev/input/event3 : Video Bus
/dev/input/event4 : PC Speaker
/dev/input/event5 : ACPI0C50:01 04F3:30C5 Mouse
/dev/input/event6 : ACPI0C50:01 04F3:30C5 Touchpad
/dev/input/event7 : ACPI0C50:00 0483:1058
/dev/input/event8 : avs_da7219 Headset Jack
/dev/input/event9 : keyd virtual keyboard
------------------------------------------------------------------------------
Selected devices matching ["/dev/input/event9"]:
------------------------------------------------------------------------------
/dev/input/event9 : keyd virtual keyboard
------------------------------------------------------------------------------
Found a removed device. Reselecting devices.
Failed to ungrab device 'keyd virtual keyboard' at '/dev/input/event9' due to: No such device (os error 19)
Selecting devices from the following list:
------------------------------------------------------------------------------
/dev/input/event0 : Lid Switch
/dev/input/event1 : Power Button
/dev/input/event10: keyd virtual pointer
/dev/input/event11: hdaudioB0D2 HDMI/DP,pcm=1
/dev/input/event12: hdaudioB0D2 HDMI/DP,pcm=2
/dev/input/event13: hdaudioB0D2 HDMI/DP,pcm=3
/dev/input/event14: xremap
/dev/input/event15: xremap
/dev/input/event16: xremap pid=1892
/dev/input/event2 : AT Translated Set 2 keyboard
/dev/input/event3 : Video Bus
/dev/input/event4 : PC Speaker
/dev/input/event5 : ACPI0C50:01 04F3:30C5 Mouse
/dev/input/event6 : ACPI0C50:01 04F3:30C5 Touchpad
/dev/input/event7 : ACPI0C50:00 0483:1058
/dev/input/event8 : avs_da7219 Headset Jack
------------------------------------------------------------------------------
Selected devices matching ["/dev/input/event9"]:
Selecting devices from the following list:
------------------------------------------------------------------------------
/dev/input/event0 : Lid Switch
/dev/input/event1 : Power Button
/dev/input/event10: hdaudioB0D2 HDMI/DP,pcm=3
/dev/input/event11: keyd virtual keyboard
/dev/input/event12: keyd virtual pointer
/dev/input/event13: avs_da7219 Headset Jack
/dev/input/event14: xremap
/dev/input/event15: xremap
/dev/input/event2 : AT Translated Set 2 keyboard
/dev/input/event3 : Video Bus
/dev/input/event4 : PC Speaker
/dev/input/event5 : ACPI0C50:01 04F3:30C5 Mouse
/dev/input/event6 : ACPI0C50:01 04F3:30C5 Touchpad
/dev/input/event7 : ACPI0C50:00 0483:1058
/dev/input/event8 : hdaudioB0D2 HDMI/DP,pcm=1
/dev/input/event9 : hdaudioB0D2 HDMI/DP,pcm=2
------------------------------------------------------------------------------
Selected devices matching ["/dev/input/event9"]:
------------------------------------------------------------------------------
/dev/input/event9 : hdaudioB0D2 HDMI/DP,pcm=2
------------------------------------------------------------------------------
Selecting devices from the following list:
------------------------------------------------------------------------------
/dev/input/event0 : Lid Switch
/dev/input/event1 : Power Button
/dev/input/event10: hdaudioB0D2 HDMI/DP,pcm=3
/dev/input/event11: keyd virtual keyboard
/dev/input/event12: keyd virtual pointer
/dev/input/event13: avs_da7219 Headset Jack
/dev/input/event14: xremap
/dev/input/event15: xremap
/dev/input/event2 : AT Translated Set 2 keyboard
/dev/input/event3 : Video Bus
/dev/input/event4 : PC Speaker
/dev/input/event5 : ACPI0C50:01 04F3:30C5 Mouse
/dev/input/event6 : ACPI0C50:01 04F3:30C5 Touchpad
/dev/input/event7 : ACPI0C50:00 0483:1058
/dev/input/event8 : hdaudioB0D2 HDMI/DP,pcm=1
/dev/input/event9 : hdaudioB0D2 HDMI/DP,pcm=2
------------------------------------------------------------------------------
Selected devices matching ["/dev/input/even11"]:
------------------------------------------------------------------------------
Error: Failed to prepare input devices: No device was selected!
Selecting devices from the following list:
------------------------------------------------------------------------------
/dev/input/event0 : Lid Switch
/dev/input/event1 : Power Button
/dev/input/event10: hdaudioB0D2 HDMI/DP,pcm=3
/dev/input/event11: keyd virtual keyboard
/dev/input/event12: keyd virtual pointer
/dev/input/event13: avs_da7219 Headset Jack
/dev/input/event14: xremap
/dev/input/event15: xremap
/dev/input/event2 : AT Translated Set 2 keyboard
/dev/input/event3 : Video Bus
/dev/input/event4 : PC Speaker
/dev/input/event5 : ACPI0C50:01 04F3:30C5 Mouse
/dev/input/event6 : ACPI0C50:01 04F3:30C5 Touchpad
/dev/input/event7 : ACPI0C50:00 0483:1058
/dev/input/event8 : hdaudioB0D2 HDMI/DP,pcm=1
/dev/input/event9 : hdaudioB0D2 HDMI/DP,pcm=2
------------------------------------------------------------------------------
Selected devices matching ["/dev/input/event11"]:
------------------------------------------------------------------------------
/dev/input/event11: keyd virtual keyboard
------------------------------------------------------------------------------
Found a removed device. Reselecting devices.
Failed to ungrab device 'keyd virtual keyboard' at '/dev/input/event11' due to: No such device (os error 19)
Selecting devices from the following list:
------------------------------------------------------------------------------
/dev/input/event0 : Lid Switch
/dev/input/event1 : Power Button
/dev/input/event10: hdaudioB0D2 HDMI/DP,pcm=3
/dev/input/event12: keyd virtual pointer
/dev/input/event13: avs_da7219 Headset Jack
/dev/input/event14: xremap
/dev/input/event15: xremap
/dev/input/event16: xremap pid=2693
/dev/input/event2 : AT Translated Set 2 keyboard
/dev/input/event3 : Video Bus
/dev/input/event4 : PC Speaker
/dev/input/event5 : ACPI0C50:01 04F3:30C5 Mouse
/dev/input/event6 : ACPI0C50:01 04F3:30C5 Touchpad
/dev/input/event7 : ACPI0C50:00 0483:1058
/dev/input/event8 : hdaudioB0D2 HDMI/DP,pcm=1
/dev/input/event9 : hdaudioB0D2 HDMI/DP,pcm=2
------------------------------------------------------------------------------
Selected devices matching ["/dev/input/event11"]:
Selecting devices from the following list:
------------------------------------------------------------------------------
/dev/input/event0 : Lid Switch
/dev/input/event1 : Power Button
/dev/input/event10: hdaudioB0D2 HDMI/DP,pcm=1
/dev/input/event11: hdaudioB0D2 HDMI/DP,pcm=2
/dev/input/event12: hdaudioB0D2 HDMI/DP,pcm=3
/dev/input/event13: avs_da7219 Headset Jack
/dev/input/event15: xremap
/dev/input/event2 : AT Translated Set 2 keyboard
/dev/input/event3 : Video Bus
/dev/input/event4 : PC Speaker
/dev/input/event5 : ACPI0C50:01 04F3:30C5 Mouse
/dev/input/event6 : ACPI0C50:01 04F3:30C5 Touchpad
/dev/input/event7 : ACPI0C50:00 0483:1058
/dev/input/event8 : keyd virtual keyboard
/dev/input/event9 : keyd virtual pointer
------------------------------------------------------------------------------
Selected devices matching ["/dev/input/event8"]:
------------------------------------------------------------------------------
/dev/input/event8 : keyd virtual keyboard
------------------------------------------------------------------------------
[2024-09-20 16:59:23.298] [info] Using configuration file /home/sporeking/.config/waybar/config.jsonc
[2024-09-20 16:59:23.302] [info] Unable to receive desktop appearance: GDBus.Error:org.freedesktop.DBus.Error.UnknownMethod: No such interface “org.freedesktop.portal.Settings” on object at path /org/freedesktop/portal/desktop
[2024-09-20 16:59:23.302] [info] Using CSS file /home/sporeking/.config/waybar/style.css
[2024-09-20 16:59:23.314] [info] Hyprland IPC starting
[2024-09-20 16:59:23.315] [info] Loading persistent workspaces from Hyprland workspace rules
[2024-09-20 16:59:23.695] [warning] Requested height: 20 is less than the minimum height: 38 required by the modules
[2024-09-20 16:59:23.695] [info] Bar configured (width: 1920, height: 38) for output: eDP-1

** (waybar:52414): WARNING **: 17:01:25.535: Status Notifier Item with bus name ':1.171' and object path '/StatusNotifierItem' is already registered

** (waybar:52414): WARNING **: 17:01:25.536: Status Notifier Item with bus name ':1.19' and object path '/org/ayatana/NotificationItem/tao_application' is already registered

** (waybar:52414): WARNING **: 17:01:25.543: Status Notifier Host with bus name ':1.234' and object path '/StatusNotifierHost/0' is already registered

** (waybar:52414): WARNING **: 17:02:11.670: Status Notifier Item with bus name ':1.171' and object path '/StatusNotifierItem' is already registered

** (waybar:52414): WARNING **: 17:02:11.670: Status Notifier Item with bus name ':1.19' and object path '/org/ayatana/NotificationItem/tao_application' is already registered

** (waybar:52414): WARNING **: 17:02:11.675: Status Notifier Host with bus name ':1.234' and object path '/StatusNotifierHost/0' is already registered

** (waybar:52414): WARNING **: 17:05:04.732: Status Notifier Item with bus name ':1.171' and object path '/StatusNotifierItem' is already registered

** (waybar:52414): WARNING **: 17:05:04.732: Status Notifier Item with bus name ':1.19' and object path '/org/ayatana/NotificationItem/tao_application' is already registered

** (waybar:52414): WARNING **: 17:05:04.738: Status Notifier Host with bus name ':1.234' and object path '/StatusNotifierHost/0' is already registered
sh: line 1: activate: command not found

** (waybar:52414): WARNING **: 17:08:46.388: Status Notifier Item with bus name ':1.171' and object path '/StatusNotifierItem' is already registered

** (waybar:52414): WARNING **: 17:08:46.388: Status Notifier Item with bus name ':1.19' and object path '/org/ayatana/NotificationItem/tao_application' is already registered

** (waybar:52414): WARNING **: 17:08:46.395: Status Notifier Host with bus name ':1.234' and object path '/StatusNotifierHost/0' is already registered

** (waybar:52414): WARNING **: 17:11:42.109: Status Notifier Item with bus name ':1.171' and object path '/StatusNotifierItem' is already registered

** (waybar:52414): WARNING **: 17:11:42.109: Status Notifier Item with bus name ':1.19' and object path '/org/ayatana/NotificationItem/tao_application' is already registered

** (waybar:52414): WARNING **: 17:11:42.115: Status Notifier Host with bus name ':1.234' and object path '/StatusNotifierHost/0' is already registered
Gdk-Message: 17:20:00.503: Error reading events from display: Connection reset by peer
Found a removed device. Reselecting devices.
Failed to ungrab device 'keyd virtual keyboard' at '/dev/input/event8' due to: No such device (os error 19)
Selecting devices from the following list:
------------------------------------------------------------------------------
/dev/input/event0 : Lid Switch
/dev/input/event1 : Power Button
/dev/input/event10: hdaudioB0D2 HDMI/DP,pcm=1
/dev/input/event11: hdaudioB0D2 HDMI/DP,pcm=2
/dev/input/event12: hdaudioB0D2 HDMI/DP,pcm=3
/dev/input/event13: avs_da7219 Headset Jack
/dev/input/event14: xremap pid=42422
/dev/input/event15: xremap
/dev/input/event2 : AT Translated Set 2 keyboard
/dev/input/event3 : Video Bus
/dev/input/event4 : PC Speaker
/dev/input/event5 : ACPI0C50:01 04F3:30C5 Mouse
/dev/input/event6 : ACPI0C50:01 04F3:30C5 Touchpad
/dev/input/event7 : ACPI0C50:00 0483:1058
/dev/input/event9 : keyd virtual pointer
------------------------------------------------------------------------------
Selected devices matching ["/dev/input/event8"]:
------------------------------------------------------------------------------
Error: Failed to prepare input devices: No device was selected!
Selecting devices from the following list:
------------------------------------------------------------------------------
/dev/input/event0 : Lid Switch
/dev/input/event1 : Power Button
/dev/input/event10: hdaudioB0D2 HDMI/DP,pcm=3
/dev/input/event11: keyd virtual keyboard
/dev/input/event12: keyd virtual pointer
/dev/input/event13: avs_da7219 Headset Jack
/dev/input/event14: xremap
/dev/input/event15: xremap
/dev/input/event2 : AT Translated Set 2 keyboard
/dev/input/event3 : Video Bus
/dev/input/event4 : PC Speaker
/dev/input/event5 : ACPI0C50:01 04F3:30C5 Mouse
/dev/input/event6 : ACPI0C50:01 04F3:30C5 Touchpad
/dev/input/event7 : ACPI0C50:00 0483:1058
/dev/input/event8 : hdaudioB0D2 HDMI/DP,pcm=1
/dev/input/event9 : hdaudioB0D2 HDMI/DP,pcm=2
------------------------------------------------------------------------------
Selected devices matching ["/dev/input/event11"]:
------------------------------------------------------------------------------
/dev/input/event11: keyd virtual keyboard
------------------------------------------------------------------------------
Found a removed device. Reselecting devices.
Failed to ungrab device 'keyd virtual keyboard' at '/dev/input/event11' due to: No such device (os error 19)
Selecting devices from the following list:
------------------------------------------------------------------------------
/dev/input/event0 : Lid Switch
/dev/input/event1 : Power Button
/dev/input/event10: hdaudioB0D2 HDMI/DP,pcm=3
/dev/input/event12: keyd virtual pointer
/dev/input/event13: avs_da7219 Headset Jack
/dev/input/event14: xremap
/dev/input/event15: xremap
/dev/input/event16: xremap pid=2270
/dev/input/event2 : AT Translated Set 2 keyboard
/dev/input/event3 : Video Bus
/dev/input/event4 : PC Speaker
/dev/input/event5 : ACPI0C50:01 04F3:30C5 Mouse
/dev/input/event6 : ACPI0C50:01 04F3:30C5 Touchpad
/dev/input/event7 : ACPI0C50:00 0483:1058
/dev/input/event8 : hdaudioB0D2 HDMI/DP,pcm=1
/dev/input/event9 : hdaudioB0D2 HDMI/DP,pcm=2
------------------------------------------------------------------------------
Selected devices matching ["/dev/input/event11"]:
Selecting devices from the following list:
------------------------------------------------------------------------------
/dev/input/event0 : Lid Switch
/dev/input/event1 : Power Button
/dev/input/event10: keyd virtual pointer
/dev/input/event11: hdaudioB0D2 HDMI/DP,pcm=1
/dev/input/event12: hdaudioB0D2 HDMI/DP,pcm=2
/dev/input/event13: hdaudioB0D2 HDMI/DP,pcm=3
/dev/input/event14: xremap
/dev/input/event15: xremap
/dev/input/event2 : AT Translated Set 2 keyboard
/dev/input/event3 : Video Bus
/dev/input/event4 : PC Speaker
/dev/input/event5 : ACPI0C50:01 04F3:30C5 Mouse
/dev/input/event6 : ACPI0C50:01 04F3:30C5 Touchpad
/dev/input/event7 : ACPI0C50:00 0483:1058
/dev/input/event8 : avs_da7219 Headset Jack
/dev/input/event9 : keyd virtual keyboard
------------------------------------------------------------------------------
Selected devices matching ["/dev/input/envet9"]:
------------------------------------------------------------------------------
Error: Failed to prepare input devices: No device was selected!
Selecting devices from the following list:
------------------------------------------------------------------------------
/dev/input/event0 : Lid Switch
/dev/input/event1 : Power Button
/dev/input/event10: keyd virtual pointer
/dev/input/event11: hdaudioB0D2 HDMI/DP,pcm=1
/dev/input/event12: hdaudioB0D2 HDMI/DP,pcm=2
/dev/input/event13: hdaudioB0D2 HDMI/DP,pcm=3
/dev/input/event14: xremap
/dev/input/event15: xremap
/dev/input/event2 : AT Translated Set 2 keyboard
/dev/input/event3 : Video Bus
/dev/input/event4 : PC Speaker
/dev/input/event5 : ACPI0C50:01 04F3:30C5 Mouse
/dev/input/event6 : ACPI0C50:01 04F3:30C5 Touchpad
/dev/input/event7 : ACPI0C50:00 0483:1058
/dev/input/event8 : avs_da7219 Headset Jack
/dev/input/event9 : keyd virtual keyboard
------------------------------------------------------------------------------
Selected devices matching ["/dev/input/event9"]:
------------------------------------------------------------------------------
/dev/input/event9 : keyd virtual keyboard
------------------------------------------------------------------------------
Found a removed device. Reselecting devices.
Failed to ungrab device 'keyd virtual keyboard' at '/dev/input/event9' due to: No such device (os error 19)
Selecting devices from the following list:
------------------------------------------------------------------------------
/dev/input/event0 : Lid Switch
/dev/input/event1 : Power Button
/dev/input/event10: keyd virtual pointer
/dev/input/event11: hdaudioB0D2 HDMI/DP,pcm=1
/dev/input/event12: hdaudioB0D2 HDMI/DP,pcm=2
/dev/input/event13: hdaudioB0D2 HDMI/DP,pcm=3
/dev/input/event14: xremap
/dev/input/event15: xremap
/dev/input/event16: xremap pid=10854
/dev/input/event2 : AT Translated Set 2 keyboard
/dev/input/event3 : Video Bus
/dev/input/event4 : PC Speaker
/dev/input/event5 : ACPI0C50:01 04F3:30C5 Mouse
/dev/input/event6 : ACPI0C50:01 04F3:30C5 Touchpad
/dev/input/event7 : ACPI0C50:00 0483:1058
/dev/input/event8 : avs_da7219 Headset Jack
------------------------------------------------------------------------------
Selected devices matching ["/dev/input/event9"]:
------------------------------------------------------------------------------
Error: Failed to prepare input devices: No device was selected!
